2024-02-20 19:36:56 [ERROR]: Error login with user with name: noel
2024-02-20 19:38:02 [ERROR]: Error login with user with name: noel
2024-02-20 19:39:54 [ERROR]: Error login with user with name: noel
2024-02-20 19:39:56 [ERROR]: Error login with user with name: noel
2024-02-20 19:43:05 [ERROR]: Error login with user with name: noel
2024-02-20 19:44:37 [ERROR]: Error al agregar tarea con nombre de usuario: noel
2024-02-20 19:50:55 [ERROR]: Error al agregar tarea con nombre de usuario: noel
2024-02-20 19:51:54 [ERROR]: Error al agregar tarea con nombre de usuario: noel
2024-02-20 19:53:08 [ERROR]: Error al agregar tarea con nombre de usuario: noel
2024-02-20 19:54:31 [ERROR]: Error al agregar tarea con nombre de usuario: noel
2024-02-20 19:55:33 [ERROR]: Error al agregar tarea con nombre de usuario: noel
2024-02-20 19:55:34 [ERROR]: Error al agregar tarea con nombre de usuario: noel
2024-02-20 19:55:35 [ERROR]: Error al agregar tarea con nombre de usuario: noel
2024-02-21 19:14:04 [ERROR]: Error al agregar tarea con nombre de usuario: noel
2024-02-21 19:15:14 [ERROR]: Error al agregar tarea con nombre de usuario: noel
2024-02-21 19:15:15 [ERROR]: Error al agregar tarea con nombre de usuario: noel
2024-02-21 19:15:16 [ERROR]: Error al agregar tarea con nombre de usuario: noel
2024-02-21 19:15:16 [ERROR]: Error al agregar tarea con nombre de usuario: noel
2024-02-21 19:35:26 [ERROR]: Error al agregar tarea con nombre de usuario: noel
2024-02-21 19:41:08 [ERROR]: Error al agregar tarea con nombre de usuario: noel
2024-02-21 19:41:09 [ERROR]: Error al agregar tarea con nombre de usuario: noel
2024-02-21 19:49:12 [ERROR]: Error al agregar tarea con nombre de usuario: noel
2024-02-21 19:49:17 [ERROR]: Error al agregar tarea con nombre de usuario: noel
2024-02-21 19:49:23 [ERROR]: Error al agregar tarea con nombre de usuario: noel
2024-02-21 19:49:26 [ERROR]: Error al agregar tarea con nombre de usuario: noel
2024-02-21 19:49:39 [ERROR]: Error al agregar tarea con nombre de usuario: noel
2024-02-21 19:49:56 [ERROR]: Error al agregar tarea con nombre de usuario: noel
2024-02-21 19:50:02 [ERROR]: Error al agregar tarea con nombre de usuario: noel
2024-02-21 19:50:05 [ERROR]: Error al agregar tarea con nombre de usuario: noel
2024-02-21 19:50:22 [ERROR]: Error al agregar tarea con nombre de usuario: noel
2024-02-21 19:50:31 [ERROR]: Error al agregar tarea con nombre de usuario: noel
2024-02-21 19:50:33 [ERROR]: Error al agregar tarea con nombre de usuario: noel
2024-02-21 19:50:34 [ERROR]: Error al agregar tarea con nombre de usuario: noel
2024-02-21 19:50:35 [ERROR]: Error al agregar tarea con nombre de usuario: noel
2024-02-21 19:50:36 [ERROR]: Error al agregar tarea con nombre de usuario: noel
2024-02-21 19:50:37 [ERROR]: Error al agregar tarea con nombre de usuario: noel
2024-02-21 19:50:48 [ERROR]: Error al agregar tarea con nombre de usuario: noel
2024-02-21 19:50:49 [ERROR]: Error al agregar tarea con nombre de usuario: noel
2024-02-21 19:51:01 [ERROR]: Error al agregar tarea con nombre de usuario: noel
2024-02-21 19:52:32 [ERROR]: Error al agregar tarea con nombre de usuario: noel
2024-02-21 19:52:33 [ERROR]: Error al agregar tarea con nombre de usuario: noel
2024-02-21 19:52:34 [ERROR]: Error al agregar tarea con nombre de usuario: noel
2024-02-21 19:52:52 [ERROR]: Error al agregar tarea con nombre de usuario: noel
2024-02-21 19:53:06 [ERROR]: Error al agregar tarea con nombre de usuario: noel
2024-02-21 20:00:24 [ERROR]: Error al agregar tarea con nombre de usuario: noel
2024-02-21 20:28:42 [ERROR]: Error al agregar tarea con nombre de usuario: noel
2024-02-22 18:41:35 [ERROR]: Error al agregar tarea con nombre de usuario: noel
2024-02-22 19:00:41 [ERROR]: Error al agregar tarea con nombre de usuario: noel
2024-02-22 19:00:43 [ERROR]: Error al agregar tarea con nombre de usuario: noel
2024-02-22 19:01:11 [ERROR]: Error al agregar tarea con nombre de usuario: noel
2024-02-22 19:01:12 [ERROR]: Error al agregar tarea con nombre de usuario: noel
2024-02-22 19:01:43 [ERROR]: Error al agregar tarea con nombre de usuario: noel
2024-02-22 19:01:46 [ERROR]: Error al agregar tarea con nombre de usuario: noel
2024-02-22 19:12:49 [ERROR]: Error al agregar tarea con nombre de usuario: noel
2024-02-22 19:12:51 [ERROR]: Error al agregar tarea con nombre de usuario: noel
2024-02-22 19:12:53 [ERROR]: Error al agregar tarea con nombre de usuario: noel
2024-02-22 19:12:53 [ERROR]: Error al agregar tarea con nombre de usuario: noel
2024-02-22 19:29:26 [ERROR]: Error al agregar tarea con nombre de usuario: noel
2024-02-22 19:29:28 [ERROR]: Error al agregar tarea con nombre de usuario: noel
2024-02-22 19:34:18 [ERROR]: Error al agregar tarea con nombre de usuario: noel
2024-02-22 19:34:19 [ERROR]: Error al agregar tarea con nombre de usuario: noel
2024-02-22 19:34:36 [ERROR]: Error al agregar tarea con nombre de usuario: noel
2024-02-22 19:34:38 [ERROR]: Error al agregar tarea con nombre de usuario: noel
2024-02-22 19:34:48 [ERROR]: Error al agregar tarea con nombre de usuario: noel
2024-02-22 19:34:48 [ERROR]: Error al agregar tarea con nombre de usuario: noel
2024-02-22 19:34:49 [ERROR]: Error al agregar tarea con nombre de usuario: noel
2024-02-22 19:34:50 [ERROR]: Error al agregar tarea con nombre de usuario: noel
2024-02-22 19:34:50 [ERROR]: Error al agregar tarea con nombre de usuario: noel
2024-02-22 19:34:50 [ERROR]: Error al agregar tarea con nombre de usuario: noel
2024-02-22 19:34:51 [ERROR]: Error al agregar tarea con nombre de usuario: noel
2024-02-22 19:35:42 [ERROR]: Error al agregar tarea con nombre de usuario: noel
2024-02-22 19:35:42 [ERROR]: Error al agregar tarea con nombre de usuario: noel
2024-02-22 19:35:48 [ERROR]: Error al agregar tarea con nombre de usuario: noel
2024-02-22 19:35:49 [ERROR]: Error al agregar tarea con nombre de usuario: noel
2024-02-22 19:44:09 [ERROR]: Error al agregar tarea con nombre de usuario: noel
2024-02-22 19:44:09 [ERROR]: Error al agregar tarea con nombre de usuario: noel
2024-02-22 19:44:10 [ERROR]: Error al agregar tarea con nombre de usuario: noel
2024-02-22 19:44:10 [ERROR]: Error al agregar tarea con nombre de usuario: noel
2024-02-22 19:44:11 [ERROR]: Error al agregar tarea con nombre de usuario: noel
2024-02-22 19:44:11 [ERROR]: Error al agregar tarea con nombre de usuario: noel
2024-02-22 19:44:12 [ERROR]: Error al agregar tarea con nombre de usuario: noel
2024-02-22 19:44:12 [ERROR]: Error al agregar tarea con nombre de usuario: noel
2024-02-22 19:44:12 [ERROR]: Error al agregar tarea con nombre de usuario: noel
2024-02-22 19:44:13 [ERROR]: Error al agregar tarea con nombre de usuario: noel
2024-02-22 20:10:03 [ERROR]: Error al agregar tarea con nombre de usuario: noel
2024-02-22 20:10:08 [ERROR]: Error al agregar tarea con nombre de usuario: noel
2024-02-22 20:10:15 [ERROR]: Error al agregar tarea con nombre de usuario: noel
2024-02-22 20:11:33 [ERROR]: Error al agregar tarea con nombre de usuario: noel
2024-02-22 20:11:34 [ERROR]: Error al agregar tarea con nombre de usuario: noel
2024-02-22 20:12:02 [ERROR]: Error al agregar tarea con nombre de usuario: noel
2024-02-22 20:12:09 [ERROR]: Error al agregar tarea con nombre de usuario: noel
2024-02-22 20:12:09 [ERROR]: Error al agregar tarea con nombre de usuario: noel
2024-02-22 20:15:44 [ERROR]: Error al agregar tarea con nombre de usuario: noel
2024-02-23 15:57:58 [ERROR]: Error al agregar tarea con nombre de usuario: paco
2024-02-23 16:05:52 [ERROR]: Missing user name or taskId in the request
2024-02-23 16:05:53 [ERROR]: Missing user name or taskId in the request
2024-02-23 16:05:57 [ERROR]: Missing user name or taskId in the request
2024-02-23 16:06:45 [ERROR]: Missing user name or taskId in the request
2024-02-23 16:06:57 [ERROR]: Missing user name or taskId in the request
2024-02-23 16:06:57 [ERROR]: Missing user name or taskId in the request
2024-02-23 16:06:58 [ERROR]: Missing user name or taskId in the request
2024-02-23 16:07:41 [ERROR]: Missing user name or taskId in the request undefined
2024-02-23 16:08:06 [ERROR]: Missing user name or taskId in the request undefined
2024-02-23 16:08:07 [ERROR]: Missing user name or taskId in the request undefined
2024-02-23 16:08:18 [ERROR]: Missing user name or taskId in the request undefined
2024-02-23 16:08:20 [ERROR]: Missing user name or taskId in the request undefined
2024-02-23 16:08:23 [ERROR]: Missing user name or taskId in the request undefined
2024-02-23 16:08:58 [ERROR]: Missing user name or taskId in the request undefined
2024-02-23 16:09:13 [ERROR]: Missing user name or taskId in the request undefined
2024-02-23 16:09:13 [ERROR]: Missing user name or taskId in the request undefined
2024-02-23 16:09:15 [ERROR]: Missing user name or taskId in the request undefined
2024-02-23 16:09:16 [ERROR]: Missing user name or taskId in the request undefined
2024-02-23 16:10:43 [ERROR]: Error not task
2024-02-23 16:10:46 [ERROR]: Error not task
2024-02-23 16:10:47 [ERROR]: Error not task
2024-02-23 16:12:48 [ERROR]: no task
2024-02-23 16:12:49 [ERROR]: no task
2024-02-23 16:12:51 [ERROR]: no task
2024-02-23 16:12:58 [ERROR]: no task
2024-02-23 16:12:59 [ERROR]: no task
2024-02-23 16:13:35 [ERROR]: no task
2024-02-23 16:14:05 [ERROR]: no task
2024-02-23 16:14:07 [ERROR]: no task
2024-02-23 16:14:52 [ERROR]: no task
2024-02-23 16:14:53 [ERROR]: no task
2024-02-23 16:15:07 [ERROR]: no task
2024-02-23 16:15:09 [ERROR]: no task
2024-02-23 16:15:09 [ERROR]: no task
2024-02-23 16:15:10 [ERROR]: no task
2024-02-23 16:15:12 [ERROR]: no task
2024-02-23 16:15:13 [ERROR]: no task
2024-02-23 16:15:13 [ERROR]: no task
2024-02-23 16:15:14 [ERROR]: no task
2024-02-23 16:15:14 [ERROR]: no task
2024-02-23 16:15:14 [ERROR]: no task
2024-02-23 16:15:14 [ERROR]: no task
2024-02-23 16:15:14 [ERROR]: no task
2024-02-23 16:17:34 [ERROR]: no task
2024-02-23 16:18:58 [ERROR]: no task
2024-02-23 16:19:44 [ERROR]: no task
2024-02-23 16:19:45 [ERROR]: no task
2024-02-23 16:19:47 [ERROR]: no task
2024-02-23 16:19:48 [ERROR]: no task
2024-02-23 16:19:49 [ERROR]: no task
2024-02-23 16:19:52 [ERROR]: no task
2024-02-23 16:19:53 [ERROR]: no task
2024-02-23 16:19:54 [ERROR]: no task
2024-02-23 16:19:55 [ERROR]: no task
2024-02-23 16:19:56 [ERROR]: no task
2024-02-23 17:37:34 [ERROR]: Error deleating tasks
2024-02-23 17:37:35 [ERROR]: Error deleating tasks
2024-02-23 18:00:05 [ERROR]: Invalid task index
2024-02-23 18:01:51 [ERROR]: Invalid task index
2024-02-23 18:01:52 [ERROR]: Invalid task index
2024-02-23 18:02:16 [ERROR]: Error deleting tasks
2024-02-23 18:02:17 [ERROR]: Error deleting tasks
2024-02-23 18:02:18 [ERROR]: Error deleting tasks
2024-02-23 18:16:42 [ERROR]: no task
2024-02-23 18:16:47 [ERROR]: no task
2024-02-23 18:17:11 [ERROR]: no task
2024-02-23 18:18:15 [ERROR]: no task
2024-02-23 18:18:15 [ERROR]: no task
2024-02-23 18:18:16 [ERROR]: no task
2024-02-23 18:18:16 [ERROR]: no task
2024-02-23 18:18:16 [ERROR]: no task
2024-02-23 18:18:16 [ERROR]: no task
2024-02-23 18:18:17 [ERROR]: no task
2024-02-23 18:19:03 [ERROR]: no task
2024-02-23 18:19:41 [ERROR]: no task
2024-02-23 18:19:42 [ERROR]: no task
2024-02-23 18:19:43 [ERROR]: no task
2024-02-23 18:20:52 [ERROR]: no task
2024-02-23 18:20:53 [ERROR]: no task
2024-02-23 18:20:54 [ERROR]: no task
2024-02-23 18:20:55 [ERROR]: no task
2024-02-23 18:20:55 [ERROR]: no task
2024-02-23 18:21:19 [ERROR]: no task
2024-02-23 18:21:55 [ERROR]: no task
2024-02-23 18:22:02 [ERROR]: no task
2024-02-23 18:22:02 [ERROR]: no task
2024-02-23 18:23:02 [ERROR]: no task
2024-02-23 18:25:40 [ERROR]: no task
2024-02-23 18:25:41 [ERROR]: no task
2024-02-23 18:25:42 [ERROR]: no task
2024-02-23 18:25:42 [ERROR]: no task
2024-02-23 18:26:29 [ERROR]: no task
2024-02-23 18:26:30 [ERROR]: no task
2024-02-23 18:27:46 [ERROR]: Error deleting tasks
2024-02-23 18:27:46 [ERROR]: Error deleting tasks
2024-02-23 18:27:46 [ERROR]: Error deleting tasks
2024-02-23 18:27:46 [ERROR]: Error deleting tasks
2024-02-23 18:27:46 [ERROR]: Error deleting tasks
2024-02-23 18:27:46 [ERROR]: Error deleting tasks
2024-02-23 18:30:17 [ERROR]: Error deleting tasks
2024-02-23 18:30:18 [ERROR]: Error deleting tasks
2024-02-23 18:30:19 [ERROR]: Error deleting tasks
